<?xml version="1.0" encoding="UTF-8"?>
<testsuite xmlns:xsi="http://www.w3.org/2001/XMLSchema-instance" xsi:noNamespaceSchemaLocation="https://maven.apache.org/surefire/maven-surefire-plugin/xsd/surefire-test-report.xsd" version="3.0.2" name="org.desafio.controller.PessoaControllerTest" time="0.658" tests="6" errors="0" skipped="0" failures="0">
  <properties>
[...]
</properties>
  <testcase name="testGetAllPessoas" classname="org.desafio.controller.PessoaControllerTest" time="0.519">
    <system-out><![CDATA[21:29:49.186 [main] INFO org.springframework.mock.web.MockServletContext -- Initializing Spring TestDispatcherServlet ''
21:29:49.187 [main] INFO org.springframework.test.web.servlet.TestDispatcherServlet -- Initializing Servlet ''
21:29:49.191 [main] INFO org.springframework.test.web.servlet.TestDispatcherServlet -- Completed initialization in 1 ms
21:29:49.328 [main] INFO org.desafio.controller.PessoaControllerTest -- Sucess
]]></system-out>
  </testcase>
  <testcase name="testCreatePessoa" classname="org.desafio.controller.PessoaControllerTest" time="0.069">
    <system-out><![CDATA[21:29:49.343 [main] INFO org.springframework.mock.web.MockServletContext -- Initializing Spring TestDispatcherServlet ''
21:29:49.343 [main] INFO org.springframework.test.web.servlet.TestDispatcherServlet -- Initializing Servlet ''
21:29:49.343 [main] INFO org.springframework.test.web.servlet.TestDispatcherServlet -- Completed initialization in 0 ms
21:29:49.400 [main] INFO org.desafio.controller.PessoaControllerTest -- Sucess
]]></system-out>
  </testcase>
  <testcase name="testCheckEmail" classname="org.desafio.controller.PessoaControllerTest" time="0.018">
    <system-out><![CDATA[21:29:49.411 [main] INFO org.springframework.mock.web.MockServletContext -- Initializing Spring TestDispatcherServlet ''
21:29:49.411 [main] INFO org.springframework.test.web.servlet.TestDispatcherServlet -- Initializing Servlet ''
21:29:49.412 [main] INFO org.springframework.test.web.servlet.TestDispatcherServlet -- Completed initialization in 1 ms
21:29:49.419 [main] INFO org.desafio.controller.PessoaControllerTest -- Sucess
]]></system-out>
  </testcase>
  <testcase name="testLogin" classname="org.desafio.controller.PessoaControllerTest" time="0.013">
    <system-out><![CDATA[21:29:49.428 [main] INFO org.springframework.mock.web.MockServletContext -- Initializing Spring TestDispatcherServlet ''
21:29:49.428 [main] INFO org.springframework.test.web.servlet.TestDispatcherServlet -- Initializing Servlet ''
21:29:49.428 [main] INFO org.springframework.test.web.servlet.TestDispatcherServlet -- Completed initialization in 0 ms
21:29:49.433 [main] INFO org.desafio.controller.PessoaControllerTest -- Sucess
]]></system-out>
  </testcase>
  <testcase name="testGetPessoaById" classname="org.desafio.controller.PessoaControllerTest" time="0.016">
    <system-out><![CDATA[21:29:49.439 [main] INFO org.springframework.mock.web.MockServletContext -- Initializing Spring TestDispatcherServlet ''
21:29:49.439 [main] INFO org.springframework.test.web.servlet.TestDispatcherServlet -- Initializing Servlet ''
21:29:49.439 [main] INFO org.springframework.test.web.servlet.TestDispatcherServlet -- Completed initialization in 0 ms
21:29:49.450 [main] INFO org.desafio.controller.PessoaControllerTest -- Sucess
]]></system-out>
  </testcase>
  <testcase name="testUpdatePessoa" classname="org.desafio.controller.PessoaControllerTest" time="0.015">
    <system-out><![CDATA[21:29:49.459 [main] INFO org.springframework.mock.web.MockServletContext -- Initializing Spring TestDispatcherServlet ''
21:29:49.459 [main] INFO org.springframework.test.web.servlet.TestDispatcherServlet -- Initializing Servlet ''
21:29:49.459 [main] INFO org.springframework.test.web.servlet.TestDispatcherServlet -- Completed initialization in 0 ms
]]></system-out>
  </testcase>
</testsuite>